<?xml version="1.0" encoding="UTF-8"?>
<!-- Generated by org.testng.reporters.JUnitReportReporter -->
<testsuite name="Temp.Maths1" tests="2" time="0.018" ignored="0"
	failures="0" timestamp="08 Jul 2018 13:04:44 GMT" skipped="0" hostname="admin-PC"
	errors="0">
	<testcase name="Substraction" time="0.004" classname="Temp.Maths1" />
	<testcase name="Addition" time="0.014" classname="Temp.Maths1" />
</testsuite> <!-- Temp.Maths1 -->
